Analysis & Synthesis report for projeto1
Fri Oct 04 06:51:07 2019
Quartus Prime Version 18.1.0 Build 625 09/12/2018 SJ Lite Edition


---------------------
; Table of Contents ;
---------------------
  1. Legal Notice
  2. Analysis & Synthesis Summary
  3. Analysis & Synthesis Settings
  4. Parallel Compilation
  5. Analysis & Synthesis Source Files Read
  6. Analysis & Synthesis Resource Usage Summary
  7. Analysis & Synthesis Resource Utilization by Entity
  8. General Register Statistics
  9. Parameter Settings for User Entity Instance: Top-level Entity: |cpu
 10. Parameter Settings for User Entity Instance: bancoRegistradores:BR
 11. Parameter Settings for User Entity Instance: PC:PC
 12. Parameter Settings for User Entity Instance: muxPC:MUXPC
 13. Parameter Settings for User Entity Instance: muxBancoReg:MUXBancoReg
 14. Parameter Settings for User Entity Instance: somadorConstante:SOMADOR
 15. Parameter Settings for User Entity Instance: ULA:ULA
 16. Port Connectivity Checks: "UC:UC"
 17. Post-Synthesis Netlist Statistics for Top Partition
 18. Elapsed Time Per Partition
 19. Analysis & Synthesis Messages



----------------
; Legal Notice ;
----------------
Copyright (C) 2018  Intel Corporation. All rights reserved.
Your use of Intel Corporation's design tools, logic functions 
and other software and tools, and its AMPP partner logic 
functions, and any output files from any of the foregoing 
(including device programming or simulation files), and any 
associated documentation or information are expressly subject 
to the terms and conditions of the Intel Program License 
Subscription Agreement, the Intel Quartus Prime License Agreement,
the Intel FPGA IP License Agreement, or other applicable license
agreement, including, without limitation, that your use is for
the sole purpose of programming logic devices manufactured by
Intel and sold by Intel or its authorized distributors.  Please
refer to the applicable agreement for further details.



+----------------------------------------------------------------------------------+
; Analysis & Synthesis Summary                                                     ;
+------------------------------------+---------------------------------------------+
; Analysis & Synthesis Status        ; Successful - Fri Oct 04 06:51:07 2019       ;
; Quartus Prime Version              ; 18.1.0 Build 625 09/12/2018 SJ Lite Edition ;
; Revision Name                      ; projeto1                                    ;
; Top-level Entity Name              ; cpu                                         ;
; Family                             ; Cyclone IV E                                ;
; Total logic elements               ; 475                                         ;
;     Total combinational functions  ; 227                                         ;
;     Dedicated logic registers      ; 256                                         ;
; Total registers                    ; 256                                         ;
; Total pins                         ; 43                                          ;
; Total virtual pins                 ; 0                                           ;
; Total memory bits                  ; 0                                           ;
; Embedded Multiplier 9-bit elements ; 0                                           ;
; Total PLLs                         ; 0                                           ;
+------------------------------------+---------------------------------------------+


+------------------------------------------------------------------------------------------------------------+
; Analysis & Synthesis Settings                                                                              ;
+------------------------------------------------------------------+--------------------+--------------------+
; Option                                                           ; Setting            ; Default Value      ;
+------------------------------------------------------------------+--------------------+--------------------+
; Device                                                           ; EP4CE115F29C7      ;                    ;
; Top-level entity name                                            ; cpu                ; projeto1           ;
; Family name                                                      ; Cyclone IV E       ; Cyclone V          ;
; VHDL Show LMF Mapping Messages                                   ; Off                ;                    ;
; VHDL Version                                                     ; VHDL_2008          ; VHDL_1993          ;
; Use smart compilation                                            ; Off                ; Off                ;
; Enable parallel Assembler and Timing Analyzer during compilation ; On                 ; On                 ;
; Enable compact report table                                      ; Off                ; Off                ;
; Restructure Multiplexers                                         ; Auto               ; Auto               ;
; Create Debugging Nodes for IP Cores                              ; Off                ; Off                ;
; Preserve fewer node names                                        ; On                 ; On                 ;
; Intel FPGA IP Evaluation Mode                                    ; Enable             ; Enable             ;
; Verilog Version                                                  ; Verilog_2001       ; Verilog_2001       ;
; State Machine Processing                                         ; Auto               ; Auto               ;
; Safe State Machine                                               ; Off                ; Off                ;
; Extract Verilog State Machines                                   ; On                 ; On                 ;
; Extract VHDL State Machines                                      ; On                 ; On                 ;
; Ignore Verilog initial constructs                                ; Off                ; Off                ;
; Iteration limit for constant Verilog loops                       ; 5000               ; 5000               ;
; Iteration limit for non-constant Verilog loops                   ; 250                ; 250                ;
; Add Pass-Through Logic to Inferred RAMs                          ; On                 ; On                 ;
; Infer RAMs from Raw Logic                                        ; On                 ; On                 ;
; Parallel Synthesis                                               ; On                 ; On                 ;
; DSP Block Balancing                                              ; Auto               ; Auto               ;
; NOT Gate Push-Back                                               ; On                 ; On                 ;
; Power-Up Don't Care                                              ; On                 ; On                 ;
; Remove Redundant Logic Cells                                     ; Off                ; Off                ;
; Remove Duplicate Registers                                       ; On                 ; On                 ;
; Ignore CARRY Buffers                                             ; Off                ; Off                ;
; Ignore CASCADE Buffers                                           ; Off                ; Off                ;
; Ignore GLOBAL Buffers                                            ; Off                ; Off                ;
; Ignore ROW GLOBAL Buffers                                        ; Off                ; Off                ;
; Ignore LCELL Buffers                                             ; Off                ; Off                ;
; Ignore SOFT Buffers                                              ; On                 ; On                 ;
; Limit AHDL Integers to 32 Bits                                   ; Off                ; Off                ;
; Optimization Technique                                           ; Balanced           ; Balanced           ;
; Carry Chain Length                                               ; 70                 ; 70                 ;
; Auto Carry Chains                                                ; On                 ; On                 ;
; Auto Open-Drain Pins                                             ; On                 ; On                 ;
; Perform WYSIWYG Primitive Resynthesis                            ; Off                ; Off                ;
; Auto ROM Replacement                                             ; On                 ; On                 ;
; Auto RAM Replacement                                             ; On                 ; On                 ;
; Auto DSP Block Replacement                                       ; On                 ; On                 ;
; Auto Shift Register Replacement                                  ; Auto               ; Auto               ;
; Allow Shift Register Merging across Hierarchies                  ; Auto               ; Auto               ;
; Auto Clock Enable Replacement                                    ; On                 ; On                 ;
; Strict RAM Replacement                                           ; Off                ; Off                ;
; Allow Synchronous Control Signals                                ; On                 ; On                 ;
; Force Use of Synchronous Clear Signals                           ; Off                ; Off                ;
; Auto RAM Block Balancing                                         ; On                 ; On                 ;
; Auto RAM to Logic Cell Conversion                                ; Off                ; Off                ;
; Auto Resource Sharing                                            ; Off                ; Off                ;
; Allow Any RAM Size For Recognition                               ; Off                ; Off                ;
; Allow Any ROM Size For Recognition                               ; Off                ; Off                ;
; Allow Any Shift Register Size For Recognition                    ; Off                ; Off                ;
; Use LogicLock Constraints during Resource Balancing              ; On                 ; On                 ;
; Ignore translate_off and synthesis_off directives                ; Off                ; Off                ;
; Timing-Driven Synthesis                                          ; On                 ; On                 ;
; Report Parameter Settings                                        ; On                 ; On                 ;
; Report Source Assignments                                        ; On                 ; On                 ;
; Report Connectivity Checks                                       ; On                 ; On                 ;
; Ignore Maximum Fan-Out Assignments                               ; Off                ; Off                ;
; Synchronization Register Chain Length                            ; 2                  ; 2                  ;
; Power Optimization During Synthesis                              ; Normal compilation ; Normal compilation ;
; HDL message level                                                ; Level2             ; Level2             ;
; Suppress Register Optimization Related Messages                  ; Off                ; Off                ;
; Number of Removed Registers Reported in Synthesis Report         ; 5000               ; 5000               ;
; Number of Swept Nodes Reported in Synthesis Report               ; 5000               ; 5000               ;
; Number of Inverted Registers Reported in Synthesis Report        ; 100                ; 100                ;
; Clock MUX Protection                                             ; On                 ; On                 ;
; Auto Gated Clock Conversion                                      ; Off                ; Off                ;
; Block Design Naming                                              ; Auto               ; Auto               ;
; SDC constraint protection                                        ; Off                ; Off                ;
; Synthesis Effort                                                 ; Auto               ; Auto               ;
; Shift Register Replacement - Allow Asynchronous Clear Signal     ; On                 ; On                 ;
; Pre-Mapping Resynthesis Optimization                             ; Off                ; Off                ;
; Analysis & Synthesis Message Level                               ; Medium             ; Medium             ;
; Disable Register Merging Across Hierarchies                      ; Auto               ; Auto               ;
; Resource Aware Inference For Block RAM                           ; On                 ; On                 ;
+------------------------------------------------------------------+--------------------+--------------------+


+------------------------------------------+
; Parallel Compilation                     ;
+----------------------------+-------------+
; Processors                 ; Number      ;
+----------------------------+-------------+
; Number detected on machine ; 4           ;
; Maximum allowed            ; 2           ;
;                            ;             ;
; Average used               ; 1.00        ;
; Maximum used               ; 1           ;
;                            ;             ;
; Usage by Processor         ; % Time Used ;
;     Processor 1            ; 100.0%      ;
+----------------------------+-------------+


+--------------------------------------------------------------------------------------------------------------------------------------------------+
; Analysis & Synthesis Source Files Read                                                                                                           ;
+----------------------------------+-----------------+-----------------+-----------------------------------------------------------------+---------+
; File Name with User-Entered Path ; Used in Netlist ; File Type       ; File Name with Absolute Path                                    ; Library ;
+----------------------------------+-----------------+-----------------+-----------------------------------------------------------------+---------+
; PC.vhd                           ; yes             ; User VHDL File  ; C:/Users/Pedro/Documents/Design/Projeto1/PC.vhd                 ;         ;
; somadorConstante.vhd             ; yes             ; User VHDL File  ; C:/Users/Pedro/Documents/Design/Projeto1/somadorConstante.vhd   ;         ;
; MuxPC.vhd                        ; yes             ; User VHDL File  ; C:/Users/Pedro/Documents/Design/Projeto1/MuxPC.vhd              ;         ;
; ULA.vhd                          ; yes             ; User VHDL File  ; C:/Users/Pedro/Documents/Design/Projeto1/ULA.vhd                ;         ;
; UC.vhd                           ; yes             ; User VHDL File  ; C:/Users/Pedro/Documents/Design/Projeto1/UC.vhd                 ;         ;
; MUXBancoReg.vhd                  ; yes             ; User VHDL File  ; C:/Users/Pedro/Documents/Design/Projeto1/MUXBancoReg.vhd        ;         ;
; cpu.vhd                          ; yes             ; User VHDL File  ; C:/Users/Pedro/Documents/Design/Projeto1/cpu.vhd                ;         ;
; bancoRegistradores.vhd           ; yes             ; User VHDL File  ; C:/Users/Pedro/Documents/Design/Projeto1/bancoRegistradores.vhd ;         ;
+----------------------------------+-----------------+-----------------+-----------------------------------------------------------------+---------+


+---------------------------------------------------------+
; Analysis & Synthesis Resource Usage Summary             ;
+---------------------------------------------+-----------+
; Resource                                    ; Usage     ;
+---------------------------------------------+-----------+
; Estimated Total logic elements              ; 475       ;
;                                             ;           ;
; Total combinational functions               ; 227       ;
; Logic element usage by number of LUT inputs ;           ;
;     -- 4 input functions                    ; 195       ;
;     -- 3 input functions                    ; 0         ;
;     -- <=2 input functions                  ; 32        ;
;                                             ;           ;
; Logic elements by mode                      ;           ;
;     -- normal mode                          ; 227       ;
;     -- arithmetic mode                      ; 0         ;
;                                             ;           ;
; Total registers                             ; 256       ;
;     -- Dedicated logic registers            ; 256       ;
;     -- I/O registers                        ; 0         ;
;                                             ;           ;
; I/O pins                                    ; 43        ;
;                                             ;           ;
; Embedded Multiplier 9-bit elements          ; 0         ;
;                                             ;           ;
; Maximum fan-out node                        ; clk~input ;
; Maximum fan-out                             ; 256       ;
; Total fan-out                               ; 1671      ;
; Average fan-out                             ; 2.94      ;
+---------------------------------------------+-----------+


+----------------------------------------------------------------------------------------------------------------------------------------------------------------------------------------------------------------------------+
; Analysis & Synthesis Resource Utilization by Entity                                                                                                                                                                        ;
+------------------------------+---------------------+---------------------------+-------------+--------------+---------+-----------+------+--------------+------------------------------+--------------------+--------------+
; Compilation Hierarchy Node   ; Combinational ALUTs ; Dedicated Logic Registers ; Memory Bits ; DSP Elements ; DSP 9x9 ; DSP 18x18 ; Pins ; Virtual Pins ; Full Hierarchy Name          ; Entity Name        ; Library Name ;
+------------------------------+---------------------+---------------------------+-------------+--------------+---------+-----------+------+--------------+------------------------------+--------------------+--------------+
; |cpu                         ; 227 (0)             ; 256 (0)                   ; 0           ; 0            ; 0       ; 0         ; 43   ; 0            ; |cpu                         ; cpu                ; work         ;
;    |bancoRegistradores:BR|   ; 219 (219)           ; 256 (256)                 ; 0           ; 0            ; 0       ; 0         ; 0    ; 0            ; |cpu|bancoRegistradores:BR   ; bancoRegistradores ; work         ;
;    |muxBancoReg:MUXBancoReg| ; 8 (8)               ; 0 (0)                     ; 0           ; 0            ; 0       ; 0         ; 0    ; 0            ; |cpu|muxBancoReg:MUXBancoReg ; muxBancoReg        ; work         ;
+------------------------------+---------------------+---------------------------+-------------+--------------+---------+-----------+------+--------------+------------------------------+--------------------+--------------+
Note: For table entries with two numbers listed, the numbers in parentheses indicate the number of resources of the given type used by the specific entity alone. The numbers listed outside of parentheses indicate the total resources of the given type used by the specific entity and all of its sub-entities in the hierarchy.


+------------------------------------------------------+
; General Register Statistics                          ;
+----------------------------------------------+-------+
; Statistic                                    ; Value ;
+----------------------------------------------+-------+
; Total registers                              ; 256   ;
; Number of registers using Synchronous Clear  ; 0     ;
; Number of registers using Synchronous Load   ; 0     ;
; Number of registers using Asynchronous Clear ; 0     ;
; Number of registers using Asynchronous Load  ; 0     ;
; Number of registers using Clock Enable       ; 256   ;
; Number of registers using Preset             ; 0     ;
+----------------------------------------------+-------+


+---------------------------------------------------------------------+
; Parameter Settings for User Entity Instance: Top-level Entity: |cpu ;
+----------------------------+-------+--------------------------------+
; Parameter Name             ; Value ; Type                           ;
+----------------------------+-------+--------------------------------+
; larguraBarramentoEnderecos ; 8     ; Signed Integer                 ;
; larguraBarramentoDados     ; 8     ; Signed Integer                 ;
+----------------------------+-------+--------------------------------+
Note: In order to hide this table in the UI and the text report file, please set the "Show Parameter Settings in Synthesis Report" option in "Analysis and Synthesis Settings -> More Settings" to "Off".


+--------------------------------------------------------------------+
; Parameter Settings for User Entity Instance: bancoRegistradores:BR ;
+------------------------+-------+-----------------------------------+
; Parameter Name         ; Value ; Type                              ;
+------------------------+-------+-----------------------------------+
; largurabarramentodados ; 8     ; Signed Integer                    ;
; larguraendbancoregs    ; 5     ; Signed Integer                    ;
+------------------------+-------+-----------------------------------+
Note: In order to hide this table in the UI and the text report file, please set the "Show Parameter Settings in Synthesis Report" option in "Analysis and Synthesis Settings -> More Settings" to "Off".


+----------------------------------------------------+
; Parameter Settings for User Entity Instance: PC:PC ;
+------------------------+-------+-------------------+
; Parameter Name         ; Value ; Type              ;
+------------------------+-------+-------------------+
; largurabarramentodados ; 8     ; Signed Integer    ;
+------------------------+-------+-------------------+
Note: In order to hide this table in the UI and the text report file, please set the "Show Parameter Settings in Synthesis Report" option in "Analysis and Synthesis Settings -> More Settings" to "Off".


+----------------------------------------------------------+
; Parameter Settings for User Entity Instance: muxPC:MUXPC ;
+------------------------+-------+-------------------------+
; Parameter Name         ; Value ; Type                    ;
+------------------------+-------+-------------------------+
; largurabarramentodados ; 8     ; Signed Integer          ;
+------------------------+-------+-------------------------+
Note: In order to hide this table in the UI and the text report file, please set the "Show Parameter Settings in Synthesis Report" option in "Analysis and Synthesis Settings -> More Settings" to "Off".


+----------------------------------------------------------------------+
; Parameter Settings for User Entity Instance: muxBancoReg:MUXBancoReg ;
+------------------------+-------+-------------------------------------+
; Parameter Name         ; Value ; Type                                ;
+------------------------+-------+-------------------------------------+
; largurabarramentodados ; 8     ; Signed Integer                      ;
+------------------------+-------+-------------------------------------+
Note: In order to hide this table in the UI and the text report file, please set the "Show Parameter Settings in Synthesis Report" option in "Analysis and Synthesis Settings -> More Settings" to "Off".


+-----------------------------------------------------------------------+
; Parameter Settings for User Entity Instance: somadorConstante:SOMADOR ;
+------------------------+-------+--------------------------------------+
; Parameter Name         ; Value ; Type                                 ;
+------------------------+-------+--------------------------------------+
; largurabarramentodados ; 8     ; Signed Integer                       ;
+------------------------+-------+--------------------------------------+
Note: In order to hide this table in the UI and the text report file, please set the "Show Parameter Settings in Synthesis Report" option in "Analysis and Synthesis Settings -> More Settings" to "Off".


+------------------------------------------------------+
; Parameter Settings for User Entity Instance: ULA:ULA ;
+------------------------+-------+---------------------+
; Parameter Name         ; Value ; Type                ;
+------------------------+-------+---------------------+
; largurabarramentodados ; 8     ; Signed Integer      ;
+------------------------+-------+---------------------+
Note: In order to hide this table in the UI and the text report file, please set the "Show Parameter Settings in Synthesis Report" option in "Analysis and Synthesis Settings -> More Settings" to "Off".


+----------------------------------------------------------------------------------------------------------------+
; Port Connectivity Checks: "UC:UC"                                                                              ;
+------+--------+----------+-------------------------------------------------------------------------------------+
; Port ; Type   ; Severity ; Details                                                                             ;
+------+--------+----------+-------------------------------------------------------------------------------------+
; rd   ; Output ; Info     ; Connected to dangling logic. Logic that only feeds a dangling port will be removed. ;
; wr   ; Output ; Info     ; Connected to dangling logic. Logic that only feeds a dangling port will be removed. ;
+------+--------+----------+-------------------------------------------------------------------------------------+


+-----------------------------------------------------+
; Post-Synthesis Netlist Statistics for Top Partition ;
+-----------------------+-----------------------------+
; Type                  ; Count                       ;
+-----------------------+-----------------------------+
; boundary_port         ; 43                          ;
; cycloneiii_ff         ; 256                         ;
;     ENA               ; 256                         ;
; cycloneiii_lcell_comb ; 228                         ;
;     normal            ; 228                         ;
;         0 data inputs ; 1                           ;
;         2 data inputs ; 32                          ;
;         4 data inputs ; 195                         ;
;                       ;                             ;
; Max LUT depth         ; 5.00                        ;
; Average LUT depth     ; 3.88                        ;
+-----------------------+-----------------------------+


+-------------------------------+
; Elapsed Time Per Partition    ;
+----------------+--------------+
; Partition Name ; Elapsed Time ;
+----------------+--------------+
; Top            ; 00:00:01     ;
+----------------+--------------+


+-------------------------------+
; Analysis & Synthesis Messages ;
+-------------------------------+
Info: *******************************************************************
Info: Running Quartus Prime Analysis & Synthesis
    Info: Version 18.1.0 Build 625 09/12/2018 SJ Lite Edition
    Info: Processing started: Fri Oct 04 06:50:41 2019
Info: Command: quartus_map --read_settings_files=on --write_settings_files=off projeto1 -c projeto1
Warning (18236): Number of processors has not been specified which may cause overloading on shared machines.  Set the global assignment NUM_PARALLEL_PROCESSORS in your QSF to an appropriate value for best performance.
Info (20030): Parallel compilation is enabled and will use 2 of the 2 processors detected
Info (12021): Found 2 design units, including 1 entities, in source file pc.vhd
    Info (12022): Found design unit 1: PC-arch File: C:/Users/Pedro/Documents/Design/Projeto1/PC.vhd Line: 17
    Info (12023): Found entity 1: PC File: C:/Users/Pedro/Documents/Design/Projeto1/PC.vhd Line: 5
Info (12021): Found 2 design units, including 1 entities, in source file somadorconstante.vhd
    Info (12022): Found design unit 1: somadorConstante-arc_somadorConstante File: C:/Users/Pedro/Documents/Design/Projeto1/somadorConstante.vhd Line: 18
    Info (12023): Found entity 1: somadorConstante File: C:/Users/Pedro/Documents/Design/Projeto1/somadorConstante.vhd Line: 6
Info (12021): Found 2 design units, including 1 entities, in source file muxpc.vhd
    Info (12022): Found design unit 1: muxPC-comportamentoMuxPc File: C:/Users/Pedro/Documents/Design/Projeto1/MuxPC.vhd Line: 20
    Info (12023): Found entity 1: muxPC File: C:/Users/Pedro/Documents/Design/Projeto1/MuxPC.vhd Line: 6
Info (12021): Found 2 design units, including 1 entities, in source file ula.vhd
    Info (12022): Found design unit 1: ULA-arc_ula File: C:/Users/Pedro/Documents/Design/Projeto1/ULA.vhd Line: 21
    Info (12023): Found entity 1: ULA File: C:/Users/Pedro/Documents/Design/Projeto1/ULA.vhd Line: 6
Info (12021): Found 2 design units, including 1 entities, in source file uc.vhd
    Info (12022): Found design unit 1: UC-UCarch File: C:/Users/Pedro/Documents/Design/Projeto1/UC.vhd Line: 18
    Info (12023): Found entity 1: UC File: C:/Users/Pedro/Documents/Design/Projeto1/UC.vhd Line: 4
Info (12021): Found 2 design units, including 1 entities, in source file muxbancoreg.vhd
    Info (12022): Found design unit 1: muxBancoReg-comportamentoMuxBancoReg File: C:/Users/Pedro/Documents/Design/Projeto1/MUXBancoReg.vhd Line: 21
    Info (12023): Found entity 1: muxBancoReg File: C:/Users/Pedro/Documents/Design/Projeto1/MUXBancoReg.vhd Line: 6
Info (12021): Found 2 design units, including 1 entities, in source file cpu.vhd
    Info (12022): Found design unit 1: cpu-estrutural File: C:/Users/Pedro/Documents/Design/Projeto1/cpu.vhd Line: 26
    Info (12023): Found entity 1: cpu File: C:/Users/Pedro/Documents/Design/Projeto1/cpu.vhd Line: 9
Info (12021): Found 2 design units, including 1 entities, in source file bancoregistradores.vhd
    Info (12022): Found design unit 1: bancoRegistradores-comportamento File: C:/Users/Pedro/Documents/Design/Projeto1/bancoRegistradores.vhd Line: 28
    Info (12023): Found entity 1: bancoRegistradores File: C:/Users/Pedro/Documents/Design/Projeto1/bancoRegistradores.vhd Line: 7
Info (12127): Elaborating entity "cpu" for the top level hierarchy
Warning (10541): VHDL Signal Declaration warning at cpu.vhd(21): used implicit default value for signal "readEnable" because signal was never assigned a value or an explicit default value. Use of implicit default value may introduce unintended design optimizations. File: C:/Users/Pedro/Documents/Design/Projeto1/cpu.vhd Line: 21
Warning (10541): VHDL Signal Declaration warning at cpu.vhd(22): used implicit default value for signal "writeEnable" because signal was never assigned a value or an explicit default value. Use of implicit default value may introduce unintended design optimizations. File: C:/Users/Pedro/Documents/Design/Projeto1/cpu.vhd Line: 22
Warning (10036): Verilog HDL or VHDL warning at cpu.vhd(30): object "WR" assigned a value but never read File: C:/Users/Pedro/Documents/Design/Projeto1/cpu.vhd Line: 30
Warning (10036): Verilog HDL or VHDL warning at cpu.vhd(30): object "RD" assigned a value but never read File: C:/Users/Pedro/Documents/Design/Projeto1/cpu.vhd Line: 30
Info (12128): Elaborating entity "UC" for hierarchy "UC:UC" File: C:/Users/Pedro/Documents/Design/Projeto1/cpu.vhd Line: 39
Info (12128): Elaborating entity "bancoRegistradores" for hierarchy "bancoRegistradores:BR" File: C:/Users/Pedro/Documents/Design/Projeto1/cpu.vhd Line: 53
Info (12128): Elaborating entity "PC" for hierarchy "PC:PC" File: C:/Users/Pedro/Documents/Design/Projeto1/cpu.vhd Line: 67
Info (12128): Elaborating entity "muxPC" for hierarchy "muxPC:MUXPC" File: C:/Users/Pedro/Documents/Design/Projeto1/cpu.vhd Line: 78
Info (12128): Elaborating entity "muxBancoReg" for hierarchy "muxBancoReg:MUXBancoReg" File: C:/Users/Pedro/Documents/Design/Projeto1/cpu.vhd Line: 91
Info (12128): Elaborating entity "somadorConstante" for hierarchy "somadorConstante:SOMADOR" File: C:/Users/Pedro/Documents/Design/Projeto1/cpu.vhd Line: 106
Info (12128): Elaborating entity "ULA" for hierarchy "ULA:ULA" File: C:/Users/Pedro/Documents/Design/Projeto1/cpu.vhd Line: 118
Info (276014): Found 1 instances of uninferred RAM logic
    Info (276007): RAM logic "bancoRegistradores:BR|registrador" is uninferred due to asynchronous read logic File: C:/Users/Pedro/Documents/Design/Projeto1/bancoRegistradores.vhd Line: 34
Warning (13024): Output pins are stuck at VCC or GND
    Warning (13410): Pin "readEnable" is stuck at GND File: C:/Users/Pedro/Documents/Design/Projeto1/cpu.vhd Line: 21
    Warning (13410): Pin "writeEnable" is stuck at GND File: C:/Users/Pedro/Documents/Design/Projeto1/cpu.vhd Line: 22
Info (286030): Timing-Driven Synthesis is running
Info (16010): Generating hard_block partition "hard_block:auto_generated_inst"
    Info (16011): Adding 0 node(s), including 0 DDIO, 0 PLL, 0 transceiver and 0 LCELL
Warning (21074): Design contains 8 input pin(s) that do not drive logic
    Warning (15610): No output dependent on input pin "barramentoDadosEntrada[0]" File: C:/Users/Pedro/Documents/Design/Projeto1/cpu.vhd Line: 18
    Warning (15610): No output dependent on input pin "barramentoDadosEntrada[1]" File: C:/Users/Pedro/Documents/Design/Projeto1/cpu.vhd Line: 18
    Warning (15610): No output dependent on input pin "barramentoDadosEntrada[2]" File: C:/Users/Pedro/Documents/Design/Projeto1/cpu.vhd Line: 18
    Warning (15610): No output dependent on input pin "barramentoDadosEntrada[3]" File: C:/Users/Pedro/Documents/Design/Projeto1/cpu.vhd Line: 18
    Warning (15610): No output dependent on input pin "barramentoDadosEntrada[4]" File: C:/Users/Pedro/Documents/Design/Projeto1/cpu.vhd Line: 18
    Warning (15610): No output dependent on input pin "barramentoDadosEntrada[5]" File: C:/Users/Pedro/Documents/Design/Projeto1/cpu.vhd Line: 18
    Warning (15610): No output dependent on input pin "barramentoDadosEntrada[6]" File: C:/Users/Pedro/Documents/Design/Projeto1/cpu.vhd Line: 18
    Warning (15610): No output dependent on input pin "barramentoDadosEntrada[7]" File: C:/Users/Pedro/Documents/Design/Projeto1/cpu.vhd Line: 18
Info (21057): Implemented 526 device resources after synthesis - the final resource count might be different
    Info (21058): Implemented 25 input pins
    Info (21059): Implemented 18 output pins
    Info (21061): Implemented 483 logic cells
Info: Quartus Prime Analysis & Synthesis was successful. 0 errors, 17 warnings
    Info: Peak virtual memory: 4792 megabytes
    Info: Processing ended: Fri Oct 04 06:51:07 2019
    Info: Elapsed time: 00:00:26
    Info: Total CPU time (on all processors): 00:00:49


